2020-10-01 14:14:06.049 - INFO  [           main] o.s.c.KotlinDetector           : Kotlin reflection implementation not found at runtime, related features won't be available.
2020-10-01 14:14:06.631 - INFO  [           main] o.s.b.StartupInfoLogger        : Starting CommunityApplication on LAPTOP-HQHVP7CD with PID 8228 (D:\Spring-Boot\community\target\classes started by Shawn in D:\Spring-Boot\community)
2020-10-01 14:14:06.635 - INFO  [           main] o.s.b.SpringApplication        : No active profile set, falling back to default profiles: default
2020-10-01 14:14:06.737 - WARN  [kground-preinit] o.s.c.l.CompositeLog           : For Jackson Kotlin classes support please add "com.fasterxml.jackson.module:jackson-module-kotlin" to the classpath
2020-10-01 14:14:08.402 - INFO  [           main] o.s.b.w.e.t.TomcatWebServer    : Tomcat initialized with port(s): 8887 (http)
2020-10-01 14:14:08.416 - INFO  [           main] o.a.j.l.DirectJDKLog           : Initializing ProtocolHandler ["http-nio-8887"]
2020-10-01 14:14:08.417 - INFO  [           main] o.a.j.l.DirectJDKLog           : Starting service [Tomcat]
2020-10-01 14:14:08.418 - INFO  [           main] o.a.j.l.DirectJDKLog           : Starting Servlet engine: [Apache Tomcat/9.0.30]
2020-10-01 14:14:08.533 - INFO  [           main] o.a.j.l.DirectJDKLog           : Initializing Spring embedded WebApplicationContext
2020-10-01 14:14:08.534 - INFO  [           main] letWebServerApplicationContext : Root WebApplicationContext: initialization completed in 1812 ms
2020-10-01 14:14:08.932 - INFO  [           main] c.ExecutorConfigurationSupport : Initializing ExecutorService 'applicationTaskExecutor'
2020-10-01 14:14:09.009 - INFO  [           main] .w.s.WelcomePageHandlerMapping : Adding welcome page template: index
2020-10-01 14:14:09.312 - INFO  [           main] o.a.j.l.DirectJDKLog           : Starting ProtocolHandler ["http-nio-8887"]
2020-10-01 14:14:09.338 - INFO  [           main] o.s.b.w.e.t.TomcatWebServer    : Tomcat started on port(s): 8887 (http) with context path ''
2020-10-01 14:14:09.341 - INFO  [           main] o.s.b.StartupInfoLogger        : Started CommunityApplication in 3.218 seconds (JVM running for 5.732)
2020-10-01 14:15:15.520 - INFO  [           main] o.s.c.KotlinDetector           : Kotlin reflection implementation not found at runtime, related features won't be available.
2020-10-01 14:15:16.337 - INFO  [           main] o.s.b.StartupInfoLogger        : Starting CommunityApplication on LAPTOP-HQHVP7CD with PID 19276 (D:\Spring-Boot\community\target\classes started by Shawn in D:\Spring-Boot\community)
2020-10-01 14:15:16.350 - INFO  [           main] o.s.b.SpringApplication        : No active profile set, falling back to default profiles: default
2020-10-01 14:15:16.492 - WARN  [kground-preinit] o.s.c.l.CompositeLog           : For Jackson Kotlin classes support please add "com.fasterxml.jackson.module:jackson-module-kotlin" to the classpath
2020-10-01 14:15:17.855 - INFO  [           main] o.s.b.w.e.t.TomcatWebServer    : Tomcat initialized with port(s): 8887 (http)
2020-10-01 14:15:17.861 - INFO  [           main] o.a.j.l.DirectJDKLog           : Initializing ProtocolHandler ["http-nio-8887"]
2020-10-01 14:15:17.862 - INFO  [           main] o.a.j.l.DirectJDKLog           : Starting service [Tomcat]
2020-10-01 14:15:17.863 - INFO  [           main] o.a.j.l.DirectJDKLog           : Starting Servlet engine: [Apache Tomcat/9.0.30]
2020-10-01 14:15:17.962 - INFO  [           main] o.a.j.l.DirectJDKLog           : Initializing Spring embedded WebApplicationContext
2020-10-01 14:15:17.963 - INFO  [           main] letWebServerApplicationContext : Root WebApplicationContext: initialization completed in 1498 ms
2020-10-01 14:15:18.317 - INFO  [           main] c.ExecutorConfigurationSupport : Initializing ExecutorService 'applicationTaskExecutor'
2020-10-01 14:15:18.375 - INFO  [           main] .w.s.WelcomePageHandlerMapping : Adding welcome page template: index
2020-10-01 14:15:18.637 - INFO  [           main] o.a.j.l.DirectJDKLog           : Starting ProtocolHandler ["http-nio-8887"]
2020-10-01 14:15:18.794 - INFO  [           main] o.s.b.w.e.t.TomcatWebServer    : Tomcat started on port(s): 8887 (http) with context path ''
2020-10-01 14:15:18.797 - INFO  [           main] o.s.b.StartupInfoLogger        : Started CommunityApplication in 3.137 seconds (JVM running for 6.33)
2020-10-01 14:19:19.231 - INFO  [           main] o.s.c.KotlinDetector           : Kotlin reflection implementation not found at runtime, related features won't be available.
2020-10-01 14:19:19.657 - INFO  [           main] o.s.b.StartupInfoLogger        : Starting CommunityApplication on LAPTOP-HQHVP7CD with PID 9584 (D:\Spring-Boot\community\target\classes started by Shawn in D:\Spring-Boot\community)
2020-10-01 14:19:19.660 - INFO  [           main] o.s.b.SpringApplication        : No active profile set, falling back to default profiles: default
2020-10-01 14:19:19.685 - WARN  [kground-preinit] o.s.c.l.CompositeLog           : For Jackson Kotlin classes support please add "com.fasterxml.jackson.module:jackson-module-kotlin" to the classpath
2020-10-01 14:19:20.948 - INFO  [           main] o.s.b.w.e.t.TomcatWebServer    : Tomcat initialized with port(s): 8887 (http)
2020-10-01 14:19:20.962 - INFO  [           main] o.a.j.l.DirectJDKLog           : Initializing ProtocolHandler ["http-nio-8887"]
2020-10-01 14:19:20.962 - INFO  [           main] o.a.j.l.DirectJDKLog           : Starting service [Tomcat]
2020-10-01 14:19:20.963 - INFO  [           main] o.a.j.l.DirectJDKLog           : Starting Servlet engine: [Apache Tomcat/9.0.30]
2020-10-01 14:19:21.071 - INFO  [           main] o.a.j.l.DirectJDKLog           : Initializing Spring embedded WebApplicationContext
2020-10-01 14:19:21.071 - INFO  [           main] letWebServerApplicationContext : Root WebApplicationContext: initialization completed in 1379 ms
2020-10-01 14:19:21.418 - INFO  [           main] c.ExecutorConfigurationSupport : Initializing ExecutorService 'applicationTaskExecutor'
2020-10-01 14:19:21.488 - INFO  [           main] .w.s.WelcomePageHandlerMapping : Adding welcome page template: index
2020-10-01 14:19:21.707 - INFO  [           main] o.a.j.l.DirectJDKLog           : Starting ProtocolHandler ["http-nio-8887"]
2020-10-01 14:19:21.792 - INFO  [           main] o.s.b.w.e.t.TomcatWebServer    : Tomcat started on port(s): 8887 (http) with context path ''
2020-10-01 14:19:21.794 - INFO  [           main] o.s.b.StartupInfoLogger        : Started CommunityApplication in 2.489 seconds (JVM running for 4.507)
2020-10-01 14:19:59.909 - INFO  [nio-8887-exec-1] o.a.j.l.DirectJDKLog           : Initializing Spring DispatcherServlet 'dispatcherServlet'
2020-10-01 14:19:59.909 - INFO  [nio-8887-exec-1] o.s.w.s.FrameworkServlet       : Initializing Servlet 'dispatcherServlet'
2020-10-01 14:19:59.919 - INFO  [nio-8887-exec-1] o.s.w.s.FrameworkServlet       : Completed initialization in 9 ms
2020-10-01 14:19:59.961 - INFO  [nio-8887-exec-1] c.z.h.HikariDataSource         : HikariPool-1 - Starting...
2020-10-01 14:20:00.097 - INFO  [nio-8887-exec-1] c.z.h.HikariDataSource         : HikariPool-1 - Start completed.
2020-10-01 14:23:50.939 - INFO  [           main] o.s.c.KotlinDetector           : Kotlin reflection implementation not found at runtime, related features won't be available.
2020-10-01 14:23:51.333 - INFO  [           main] o.s.b.StartupInfoLogger        : Starting CommunityApplication on LAPTOP-HQHVP7CD with PID 4580 (D:\Spring-Boot\community\target\classes started by Shawn in D:\Spring-Boot\community)
2020-10-01 14:23:51.333 - INFO  [           main] o.s.b.SpringApplication        : No active profile set, falling back to default profiles: default
2020-10-01 14:23:51.365 - WARN  [kground-preinit] o.s.c.l.CompositeLog           : For Jackson Kotlin classes support please add "com.fasterxml.jackson.module:jackson-module-kotlin" to the classpath
2020-10-01 14:23:52.335 - INFO  [           main] o.s.b.w.e.t.TomcatWebServer    : Tomcat initialized with port(s): 8887 (http)
2020-10-01 14:23:52.367 - INFO  [           main] o.a.j.l.DirectJDKLog           : Initializing ProtocolHandler ["http-nio-8887"]
2020-10-01 14:23:52.368 - INFO  [           main] o.a.j.l.DirectJDKLog           : Starting service [Tomcat]
2020-10-01 14:23:52.369 - INFO  [           main] o.a.j.l.DirectJDKLog           : Starting Servlet engine: [Apache Tomcat/9.0.30]
2020-10-01 14:23:52.490 - INFO  [           main] o.a.j.l.DirectJDKLog           : Initializing Spring embedded WebApplicationContext
2020-10-01 14:23:52.491 - INFO  [           main] letWebServerApplicationContext : Root WebApplicationContext: initialization completed in 1111 ms
2020-10-01 14:23:52.831 - INFO  [           main] c.ExecutorConfigurationSupport : Initializing ExecutorService 'applicationTaskExecutor'
2020-10-01 14:23:52.900 - INFO  [           main] .w.s.WelcomePageHandlerMapping : Adding welcome page template: index
2020-10-01 14:23:53.016 - INFO  [           main] o.a.j.l.DirectJDKLog           : Starting ProtocolHandler ["http-nio-8887"]
2020-10-01 14:23:53.038 - INFO  [           main] o.s.b.w.e.t.TomcatWebServer    : Tomcat started on port(s): 8887 (http) with context path ''
2020-10-01 14:23:53.038 - INFO  [           main] o.s.b.StartupInfoLogger        : Started CommunityApplication in 2.05 seconds (JVM running for 3.427)
2020-10-01 14:24:16.951 - INFO  [nio-8887-exec-1] o.a.j.l.DirectJDKLog           : Initializing Spring DispatcherServlet 'dispatcherServlet'
2020-10-01 14:24:16.951 - INFO  [nio-8887-exec-1] o.s.w.s.FrameworkServlet       : Initializing Servlet 'dispatcherServlet'
2020-10-01 14:24:16.954 - INFO  [nio-8887-exec-1] o.s.w.s.FrameworkServlet       : Completed initialization in 3 ms
2020-10-01 14:24:16.975 - INFO  [nio-8887-exec-1] c.z.h.HikariDataSource         : HikariPool-1 - Starting...
2020-10-01 14:24:17.049 - INFO  [nio-8887-exec-1] c.z.h.HikariDataSource         : HikariPool-1 - Start completed.
2020-10-01 14:25:05.097 - INFO  [           main] o.s.c.KotlinDetector           : Kotlin reflection implementation not found at runtime, related features won't be available.
2020-10-01 14:25:05.492 - INFO  [           main] o.s.b.StartupInfoLogger        : Starting CommunityApplication on LAPTOP-HQHVP7CD with PID 15628 (D:\Spring-Boot\community\target\classes started by Shawn in D:\Spring-Boot\community)
2020-10-01 14:25:05.494 - INFO  [           main] o.s.b.SpringApplication        : No active profile set, falling back to default profiles: default
2020-10-01 14:25:05.520 - WARN  [kground-preinit] o.s.c.l.CompositeLog           : For Jackson Kotlin classes support please add "com.fasterxml.jackson.module:jackson-module-kotlin" to the classpath
2020-10-01 14:25:06.229 - INFO  [           main] o.s.b.w.e.t.TomcatWebServer    : Tomcat initialized with port(s): 8887 (http)
2020-10-01 14:25:06.229 - INFO  [           main] o.a.j.l.DirectJDKLog           : Initializing ProtocolHandler ["http-nio-8887"]
2020-10-01 14:25:06.229 - INFO  [           main] o.a.j.l.DirectJDKLog           : Starting service [Tomcat]
2020-10-01 14:25:06.229 - INFO  [           main] o.a.j.l.DirectJDKLog           : Starting Servlet engine: [Apache Tomcat/9.0.30]
2020-10-01 14:25:06.299 - INFO  [           main] o.a.j.l.DirectJDKLog           : Initializing Spring embedded WebApplicationContext
2020-10-01 14:25:06.299 - INFO  [           main] letWebServerApplicationContext : Root WebApplicationContext: initialization completed in 775 ms
2020-10-01 14:25:06.553 - INFO  [           main] c.ExecutorConfigurationSupport : Initializing ExecutorService 'applicationTaskExecutor'
2020-10-01 14:25:06.620 - INFO  [           main] .w.s.WelcomePageHandlerMapping : Adding welcome page template: index
2020-10-01 14:25:06.745 - INFO  [           main] o.a.j.l.DirectJDKLog           : Starting ProtocolHandler ["http-nio-8887"]
2020-10-01 14:25:06.853 - INFO  [           main] o.s.b.w.e.t.TomcatWebServer    : Tomcat started on port(s): 8887 (http) with context path ''
2020-10-01 14:25:06.857 - INFO  [           main] o.s.b.StartupInfoLogger        : Started CommunityApplication in 1.708 seconds (JVM running for 3.024)
2020-10-01 14:25:34.672 - INFO  [nio-8887-exec-1] o.a.j.l.DirectJDKLog           : Initializing Spring DispatcherServlet 'dispatcherServlet'
2020-10-01 14:25:34.673 - INFO  [nio-8887-exec-1] o.s.w.s.FrameworkServlet       : Initializing Servlet 'dispatcherServlet'
2020-10-01 14:25:34.677 - INFO  [nio-8887-exec-1] o.s.w.s.FrameworkServlet       : Completed initialization in 4 ms
2020-10-01 14:25:34.714 - INFO  [nio-8887-exec-1] c.z.h.HikariDataSource         : HikariPool-1 - Starting...
2020-10-01 14:25:34.802 - INFO  [nio-8887-exec-1] c.z.h.HikariDataSource         : HikariPool-1 - Start completed.
